<?xml version="1.0" encoding="UTF-8"?>
<testsuites tests="4" failures="0" errors="0" skipped="0">
  <testsuite name="SauceDemo Login Tests" timestamp="2025-03-21T11:51:19" time="7.968" tests="4" failures="0" errors="0" skipped="0">
    <properties>
      <property name="specId" value="0"/>
      <property name="suiteName" value="SauceDemo Login Tests"/>
      <property name="capabilities" value="chrome.134_0_6998_118.mac"/>
      <property name="file" value="file://./src/specs/loginTest.js"/>
    </properties>
    <testcase classname="chrome.134_0_6998_118.mac.SauceDemo_Login_Tests" name="Login with username and password" time="5.833">
      <system-out><![CDATA[
COMMAND: GET /session/b6c2198785ce771523830d7258b46e16/element/f.D97B4C739A8F03A3114E9710FC8598BF.d.78201E857927D75B407275D4E52DB842.e.4/css/display - {}
RESULT: {}
COMMAND: GET /session/b6c2198785ce771523830d7258b46e16/element/f.D97B4C739A8F03A3114E9710FC8598BF.d.78201E857927D75B407275D4E52DB842.e.4/css/display - {}
RESULT: {}
COMMAND: POST /session/b6c2198785ce771523830d7258b46e16/element/f.D97B4C739A8F03A3114E9710FC8598BF.d.78201E857927D75B407275D4E52DB842.e.4/clear - {}
RESULT: {}
COMMAND: POST /session/b6c2198785ce771523830d7258b46e16/element/f.D97B4C739A8F03A3114E9710FC8598BF.d.78201E857927D75B407275D4E52DB842.e.4/value - {"text":""}
RESULT: {"text":""}
COMMAND: GET /session/b6c2198785ce771523830d7258b46e16/element/f.D97B4C739A8F03A3114E9710FC8598BF.d.78201E857927D75B407275D4E52DB842.e.5/css/display - {}
RESULT: {}
COMMAND: POST /session/b6c2198785ce771523830d7258b46e16/element/f.D97B4C739A8F03A3114E9710FC8598BF.d.78201E857927D75B407275D4E52DB842.e.5/clear - {}
RESULT: {}
COMMAND: POST /session/b6c2198785ce771523830d7258b46e16/element/f.D97B4C739A8F03A3114E9710FC8598BF.d.78201E857927D75B407275D4E52DB842.e.5/value - {"text":""}
RESULT: {"text":""}
COMMAND: GET /session/b6c2198785ce771523830d7258b46e16/element/f.D97B4C739A8F03A3114E9710FC8598BF.d.78201E857927D75B407275D4E52DB842.e.6/css/display - {}
RESULT: {}
COMMAND: POST /session/b6c2198785ce771523830d7258b46e16/element/f.D97B4C739A8F03A3114E9710FC8598BF.d.78201E857927D75B407275D4E52DB842.e.6/click - {}
RESULT: {}
COMMAND: GET /session/b6c2198785ce771523830d7258b46e16/element/f.D97B4C739A8F03A3114E9710FC8598BF.d.78201E857927D75B407275D4E52DB842.e.18/css/display - {}
RESULT: {}
COMMAND: GET /session/b6c2198785ce771523830d7258b46e16/element/f.D97B4C739A8F03A3114E9710FC8598BF.d.78201E857927D75B407275D4E52DB842.e.18/css/display - {}
RESULT: {}
COMMAND: GET /session/b6c2198785ce771523830d7258b46e16/element/f.D97B4C739A8F03A3114E9710FC8598BF.d.78201E857927D75B407275D4E52DB842.e.18/text - {}
RESULT: {}
]]></system-out>
    </testcase>
    <testcase classname="chrome.134_0_6998_118.mac.SauceDemo_Login_Tests" name="Login with username standard user and password" time="0.727">
      <system-out><![CDATA[
COMMAND: GET /session/b6c2198785ce771523830d7258b46e16/element/f.D97B4C739A8F03A3114E9710FC8598BF.d.AAD0DFE872E7493A615811C82E598C24.e.21/css/display - {}
RESULT: {}
COMMAND: GET /session/b6c2198785ce771523830d7258b46e16/element/f.D97B4C739A8F03A3114E9710FC8598BF.d.AAD0DFE872E7493A615811C82E598C24.e.21/css/display - {}
RESULT: {}
COMMAND: POST /session/b6c2198785ce771523830d7258b46e16/element/f.D97B4C739A8F03A3114E9710FC8598BF.d.AAD0DFE872E7493A615811C82E598C24.e.21/clear - {}
RESULT: {}
COMMAND: POST /session/b6c2198785ce771523830d7258b46e16/element/f.D97B4C739A8F03A3114E9710FC8598BF.d.AAD0DFE872E7493A615811C82E598C24.e.21/value - {"text":"standard_user"}
RESULT: {"text":"standard_user"}
COMMAND: GET /session/b6c2198785ce771523830d7258b46e16/element/f.D97B4C739A8F03A3114E9710FC8598BF.d.AAD0DFE872E7493A615811C82E598C24.e.22/css/display - {}
RESULT: {}
COMMAND: POST /session/b6c2198785ce771523830d7258b46e16/element/f.D97B4C739A8F03A3114E9710FC8598BF.d.AAD0DFE872E7493A615811C82E598C24.e.22/clear - {}
RESULT: {}
COMMAND: POST /session/b6c2198785ce771523830d7258b46e16/element/f.D97B4C739A8F03A3114E9710FC8598BF.d.AAD0DFE872E7493A615811C82E598C24.e.22/value - {"text":""}
RESULT: {"text":""}
COMMAND: GET /session/b6c2198785ce771523830d7258b46e16/element/f.D97B4C739A8F03A3114E9710FC8598BF.d.AAD0DFE872E7493A615811C82E598C24.e.23/css/display - {}
RESULT: {}
COMMAND: POST /session/b6c2198785ce771523830d7258b46e16/element/f.D97B4C739A8F03A3114E9710FC8598BF.d.AAD0DFE872E7493A615811C82E598C24.e.23/click - {}
RESULT: {}
COMMAND: GET /session/b6c2198785ce771523830d7258b46e16/element/f.D97B4C739A8F03A3114E9710FC8598BF.d.AAD0DFE872E7493A615811C82E598C24.e.33/css/display - {}
RESULT: {}
COMMAND: GET /session/b6c2198785ce771523830d7258b46e16/element/f.D97B4C739A8F03A3114E9710FC8598BF.d.AAD0DFE872E7493A615811C82E598C24.e.33/css/display - {}
RESULT: {}
COMMAND: GET /session/b6c2198785ce771523830d7258b46e16/element/f.D97B4C739A8F03A3114E9710FC8598BF.d.AAD0DFE872E7493A615811C82E598C24.e.33/text - {}
RESULT: {}
]]></system-out>
    </testcase>
    <testcase classname="chrome.134_0_6998_118.mac.SauceDemo_Login_Tests" name="Login with username locked out user and password secret sauce" time="0.554">
      <system-out><![CDATA[
COMMAND: GET /session/b6c2198785ce771523830d7258b46e16/element/f.D97B4C739A8F03A3114E9710FC8598BF.d.1BB026C9FC7237D8ADDAB4B450B08F39.e.36/css/display - {}
RESULT: {}
COMMAND: GET /session/b6c2198785ce771523830d7258b46e16/element/f.D97B4C739A8F03A3114E9710FC8598BF.d.1BB026C9FC7237D8ADDAB4B450B08F39.e.36/css/display - {}
RESULT: {}
COMMAND: POST /session/b6c2198785ce771523830d7258b46e16/element/f.D97B4C739A8F03A3114E9710FC8598BF.d.1BB026C9FC7237D8ADDAB4B450B08F39.e.36/clear - {}
RESULT: {}
COMMAND: POST /session/b6c2198785ce771523830d7258b46e16/element/f.D97B4C739A8F03A3114E9710FC8598BF.d.1BB026C9FC7237D8ADDAB4B450B08F39.e.36/value - {"text":"locked_out_user"}
RESULT: {"text":"locked_out_user"}
COMMAND: GET /session/b6c2198785ce771523830d7258b46e16/element/f.D97B4C739A8F03A3114E9710FC8598BF.d.1BB026C9FC7237D8ADDAB4B450B08F39.e.37/css/display - {}
RESULT: {}
COMMAND: POST /session/b6c2198785ce771523830d7258b46e16/element/f.D97B4C739A8F03A3114E9710FC8598BF.d.1BB026C9FC7237D8ADDAB4B450B08F39.e.37/clear - {}
RESULT: {}
COMMAND: POST /session/b6c2198785ce771523830d7258b46e16/element/f.D97B4C739A8F03A3114E9710FC8598BF.d.1BB026C9FC7237D8ADDAB4B450B08F39.e.37/value - {"text":"secret_sauce"}
RESULT: {"text":"secret_sauce"}
COMMAND: GET /session/b6c2198785ce771523830d7258b46e16/element/f.D97B4C739A8F03A3114E9710FC8598BF.d.1BB026C9FC7237D8ADDAB4B450B08F39.e.38/css/display - {}
RESULT: {}
COMMAND: POST /session/b6c2198785ce771523830d7258b46e16/element/f.D97B4C739A8F03A3114E9710FC8598BF.d.1BB026C9FC7237D8ADDAB4B450B08F39.e.38/click - {}
RESULT: {}
COMMAND: GET /session/b6c2198785ce771523830d7258b46e16/element/f.D97B4C739A8F03A3114E9710FC8598BF.d.1BB026C9FC7237D8ADDAB4B450B08F39.e.46/css/display - {}
RESULT: {}
COMMAND: GET /session/b6c2198785ce771523830d7258b46e16/element/f.D97B4C739A8F03A3114E9710FC8598BF.d.1BB026C9FC7237D8ADDAB4B450B08F39.e.46/css/display - {}
RESULT: {}
COMMAND: GET /session/b6c2198785ce771523830d7258b46e16/element/f.D97B4C739A8F03A3114E9710FC8598BF.d.1BB026C9FC7237D8ADDAB4B450B08F39.e.46/text - {}
RESULT: {}
]]></system-out>
    </testcase>
    <testcase classname="chrome.134_0_6998_118.mac.SauceDemo_Login_Tests" name="Login with username standard user and password secret sauce" time="0.851">
      <system-out><![CDATA[
COMMAND: GET /session/b6c2198785ce771523830d7258b46e16/element/f.D97B4C739A8F03A3114E9710FC8598BF.d.3E000AC329FEEBAF93B432B53B1D76A3.e.49/css/display - {}
RESULT: {}
COMMAND: GET /session/b6c2198785ce771523830d7258b46e16/element/f.D97B4C739A8F03A3114E9710FC8598BF.d.3E000AC329FEEBAF93B432B53B1D76A3.e.49/css/display - {}
RESULT: {}
COMMAND: POST /session/b6c2198785ce771523830d7258b46e16/element/f.D97B4C739A8F03A3114E9710FC8598BF.d.3E000AC329FEEBAF93B432B53B1D76A3.e.49/clear - {}
RESULT: {}
COMMAND: POST /session/b6c2198785ce771523830d7258b46e16/element/f.D97B4C739A8F03A3114E9710FC8598BF.d.3E000AC329FEEBAF93B432B53B1D76A3.e.49/value - {"text":"standard_user"}
RESULT: {"text":"standard_user"}
COMMAND: GET /session/b6c2198785ce771523830d7258b46e16/element/f.D97B4C739A8F03A3114E9710FC8598BF.d.3E000AC329FEEBAF93B432B53B1D76A3.e.50/css/display - {}
RESULT: {}
COMMAND: POST /session/b6c2198785ce771523830d7258b46e16/element/f.D97B4C739A8F03A3114E9710FC8598BF.d.3E000AC329FEEBAF93B432B53B1D76A3.e.50/clear - {}
RESULT: {}
COMMAND: POST /session/b6c2198785ce771523830d7258b46e16/element/f.D97B4C739A8F03A3114E9710FC8598BF.d.3E000AC329FEEBAF93B432B53B1D76A3.e.50/value - {"text":"secret_sauce"}
RESULT: {"text":"secret_sauce"}
COMMAND: GET /session/b6c2198785ce771523830d7258b46e16/element/f.D97B4C739A8F03A3114E9710FC8598BF.d.3E000AC329FEEBAF93B432B53B1D76A3.e.51/css/display - {}
RESULT: {}
COMMAND: POST /session/b6c2198785ce771523830d7258b46e16/element/f.D97B4C739A8F03A3114E9710FC8598BF.d.3E000AC329FEEBAF93B432B53B1D76A3.e.51/click - {}
RESULT: {}
COMMAND: GET /session/b6c2198785ce771523830d7258b46e16/title - {}
RESULT: {}
COMMAND: DELETE /session/b6c2198785ce771523830d7258b46e16 - {}
RESULT: {}
]]></system-out>
    </testcase>
  </testsuite>
</testsuites>